5
0_12_r
{}_{}_<>_[]
0_16_r
{}_{}_<>_[]
0_34_r
{}_{}_<>_[]
0_47_r
{}_{}_<>_[]
0_85_r
{}_{}_<>_[]
0_89_r
{}_{}_<>_[]
0_94_r
{}_{}_<>_[]
0_98_r
{}_{}_<>_[]
0_128_r
{}_{}_<>_[]
0_132_r
{}_{}_<>_[]
1_4_w
{2_5_w}_{}_<1_5_w>_[]
0_144_r
{}_{}_<>_[]
1_5_w
{2_4_w}_{}_<>_[]
2_4_w
{4_4_r,4_6_r}_{}_<2_5_w>_[]
2_5_w
{3_4_r,3_6_r}_{}_<>_[]
0_156_r
{}_{}_<>_[]
3_4_r
{}_{}_<>_[]
3_6_r
{}_{}_<>_[]
0_168_r
{}_{}_<>_[]
4_4_r
{}_{}_<>_[]
0_174_r
{}_{}_<>_[]
4_6_r
{}_{}_<>_[]
0_178_r
{}_{}_<>_[]
0_183_r
{}_{}_<>_[]
0_188_r
{}_{}_<>_[]
0_193_r
{}_{}_<>_[]
0_194_r
{}_{}_<>_[]
0_197_r
{}_{}_<>_[]
0_198_r
{}_{}_<>_[]
0_202_r
{}_{}_<>_[]
0_206_r
{}_{}_<>_[]
0_210_r
{}_{}_<>_[]
0_214_r
{}_{}_<>_[]
0_218_r
{}_{}_<>_[]
0_222_r
{}_{}_<>_[]
0_226_r
{}_{}_<>_[]
0_232_r
{}_{}_<>_[]
0_236_r
{}_{}_<>_[]
0_237_r
{}_{}_<>_[]
0_251_w
{}_{}_<>_[]

